{"C:\\GitRepos\\frontEndLearning\\Courses\\Lesson 32\\hw\\library.js": {"path":"C:\\GitRepos\\frontEndLearning\\Courses\\Lesson 32\\hw\\library.js","statementMap":{"0":{"start":{"line":6,"column":27},"end":{"line":6,"column":45}},"1":{"start":{"line":7,"column":29},"end":{"line":7,"column":49}},"2":{"start":{"line":8,"column":8},"end":{"line":8,"column":52}},"3":{"start":{"line":9,"column":8},"end":{"line":9,"column":41}},"4":{"start":{"line":14,"column":20},"end":{"line":14,"column":65}},"5":{"start":{"line":14,"column":48},"end":{"line":14,"column":64}},"6":{"start":{"line":15,"column":8},"end":{"line":21,"column":9}},"7":{"start":{"line":16,"column":12},"end":{"line":16,"column":34}},"8":{"start":{"line":17,"column":12},"end":{"line":17,"column":24}},"9":{"start":{"line":20,"column":12},"end":{"line":20,"column":25}},"10":{"start":{"line":25,"column":20},"end":{"line":25,"column":68}},"11":{"start":{"line":25,"column":52},"end":{"line":25,"column":67}},"12":{"start":{"line":26,"column":8},"end":{"line":32,"column":9}},"13":{"start":{"line":27,"column":12},"end":{"line":27,"column":40}},"14":{"start":{"line":28,"column":12},"end":{"line":28,"column":24}},"15":{"start":{"line":31,"column":12},"end":{"line":31,"column":25}},"16":{"start":{"line":36,"column":20},"end":{"line":36,"column":68}},"17":{"start":{"line":36,"column":52},"end":{"line":36,"column":67}},"18":{"start":{"line":37,"column":8},"end":{"line":37,"column":33}},"19":{"start":{"line":41,"column":8},"end":{"line":41,"column":26}},"20":{"start":{"line":48,"column":21},"end":{"line":48,"column":23}},"21":{"start":{"line":49,"column":8},"end":{"line":53,"column":9}},"22":{"start":{"line":49,"column":21},"end":{"line":49,"column":22}},"23":{"start":{"line":50,"column":12},"end":{"line":52,"column":13}},"24":{"start":{"line":51,"column":16},"end":{"line":51,"column":43}},"25":{"start":{"line":54,"column":8},"end":{"line":54,"column":22}},"26":{"start":{"line":58,"column":21},"end":{"line":58,"column":23}},"27":{"start":{"line":59,"column":8},"end":{"line":66,"column":9}},"28":{"start":{"line":59,"column":21},"end":{"line":59,"column":22}},"29":{"start":{"line":61,"column":12},"end":{"line":65,"column":13}},"30":{"start":{"line":64,"column":16},"end":{"line":64,"column":43}},"31":{"start":{"line":67,"column":8},"end":{"line":67,"column":22}},"32":{"start":{"line":71,"column":8},"end":{"line":71,"column":77}},"33":{"start":{"line":71,"column":44},"end":{"line":71,"column":75}},"34":{"start":{"line":75,"column":21},"end":{"line":75,"column":23}},"35":{"start":{"line":76,"column":8},"end":{"line":78,"column":9}},"36":{"start":{"line":76,"column":21},"end":{"line":76,"column":22}},"37":{"start":{"line":77,"column":12},"end":{"line":77,"column":39}},"38":{"start":{"line":80,"column":8},"end":{"line":85,"column":9}},"39":{"start":{"line":81,"column":12},"end":{"line":81,"column":85}},"40":{"start":{"line":81,"column":34},"end":{"line":81,"column":83}},"41":{"start":{"line":83,"column":13},"end":{"line":85,"column":9}},"42":{"start":{"line":84,"column":12},"end":{"line":84,"column":85}},"43":{"start":{"line":84,"column":34},"end":{"line":84,"column":83}},"44":{"start":{"line":86,"column":8},"end":{"line":86,"column":22}},"45":{"start":{"line":90,"column":8},"end":{"line":92,"column":9}},"46":{"start":{"line":91,"column":12},"end":{"line":91,"column":25}},"47":{"start":{"line":94,"column":8},"end":{"line":99,"column":9}},"48":{"start":{"line":95,"column":12},"end":{"line":95,"column":30}},"49":{"start":{"line":97,"column":12},"end":{"line":97,"column":31}},"50":{"start":{"line":98,"column":12},"end":{"line":98,"column":25}},"51":{"start":{"line":100,"column":8},"end":{"line":100,"column":34}},"52":{"start":{"line":101,"column":8},"end":{"line":101,"column":20}},"53":{"start":{"line":105,"column":8},"end":{"line":105,"column":28}},"54":{"start":{"line":109,"column":29},"end":{"line":109,"column":53}},"55":{"start":{"line":110,"column":8},"end":{"line":112,"column":9}},"56":{"start":{"line":111,"column":12},"end":{"line":111,"column":25}},"57":{"start":{"line":113,"column":27},"end":{"line":113,"column":64}},"58":{"start":{"line":113,"column":52},"end":{"line":113,"column":63}},"59":{"start":{"line":114,"column":8},"end":{"line":116,"column":9}},"60":{"start":{"line":115,"column":12},"end":{"line":115,"column":25}},"61":{"start":{"line":117,"column":29},"end":{"line":117,"column":84}},"62":{"start":{"line":117,"column":52},"end":{"line":117,"column":83}},"63":{"start":{"line":118,"column":8},"end":{"line":120,"column":9}},"64":{"start":{"line":119,"column":12},"end":{"line":119,"column":25}},"65":{"start":{"line":121,"column":8},"end":{"line":121,"column":58}},"66":{"start":{"line":122,"column":8},"end":{"line":122,"column":20}},"67":{"start":{"line":126,"column":21},"end":{"line":126,"column":23}},"68":{"start":{"line":127,"column":29},"end":{"line":127,"column":84}},"69":{"start":{"line":127,"column":52},"end":{"line":127,"column":83}},"70":{"start":{"line":128,"column":8},"end":{"line":130,"column":9}},"71":{"start":{"line":129,"column":12},"end":{"line":129,"column":26}},"72":{"start":{"line":131,"column":8},"end":{"line":134,"column":9}},"73":{"start":{"line":131,"column":21},"end":{"line":131,"column":22}},"74":{"start":{"line":132,"column":31},"end":{"line":132,"column":92}},"75":{"start":{"line":132,"column":52},"end":{"line":132,"column":91}},"76":{"start":{"line":133,"column":12},"end":{"line":133,"column":38}},"77":{"start":{"line":135,"column":8},"end":{"line":135,"column":22}},"78":{"start":{"line":139,"column":25},"end":{"line":139,"column":27}},"79":{"start":{"line":140,"column":29},"end":{"line":140,"column":31}},"80":{"start":{"line":141,"column":8},"end":{"line":145,"column":9}},"81":{"start":{"line":141,"column":21},"end":{"line":141,"column":22}},"82":{"start":{"line":142,"column":12},"end":{"line":144,"column":13}},"83":{"start":{"line":142,"column":25},"end":{"line":142,"column":26}},"84":{"start":{"line":143,"column":16},"end":{"line":143,"column":65}},"85":{"start":{"line":147,"column":8},"end":{"line":152,"column":9}},"86":{"start":{"line":147,"column":21},"end":{"line":147,"column":22}},"87":{"start":{"line":148,"column":22},"end":{"line":148,"column":66}},"88":{"start":{"line":148,"column":43},"end":{"line":148,"column":65}},"89":{"start":{"line":149,"column":12},"end":{"line":151,"column":13}},"90":{"start":{"line":150,"column":16},"end":{"line":150,"column":51}},"91":{"start":{"line":154,"column":8},"end":{"line":154,"column":30}}},"fnMap":{"0":{"name":"(anonymous_0)","decl":{"start":{"line":5,"column":4},"end":{"line":5,"column":5}},"loc":{"start":{"line":5,"column":18},"end":{"line":10,"column":5}},"line":5},"1":{"name":"(anonymous_1)","decl":{"start":{"line":12,"column":4},"end":{"line":12,"column":5}},"loc":{"start":{"line":12,"column":18},"end":{"line":22,"column":5}},"line":12},"2":{"name":"(anonymous_2)","decl":{"start":{"line":14,"column":41},"end":{"line":14,"column":42}},"loc":{"start":{"line":14,"column":48},"end":{"line":14,"column":64}},"line":14},"3":{"name":"(anonymous_3)","decl":{"start":{"line":24,"column":4},"end":{"line":24,"column":5}},"loc":{"start":{"line":24,"column":19},"end":{"line":33,"column":5}},"line":24},"4":{"name":"(anonymous_4)","decl":{"start":{"line":25,"column":41},"end":{"line":25,"column":42}},"loc":{"start":{"line":25,"column":52},"end":{"line":25,"column":67}},"line":25},"5":{"name":"(anonymous_5)","decl":{"start":{"line":35,"column":4},"end":{"line":35,"column":5}},"loc":{"start":{"line":35,"column":16},"end":{"line":38,"column":5}},"line":35},"6":{"name":"(anonymous_6)","decl":{"start":{"line":36,"column":41},"end":{"line":36,"column":42}},"loc":{"start":{"line":36,"column":52},"end":{"line":36,"column":67}},"line":36},"7":{"name":"(anonymous_7)","decl":{"start":{"line":40,"column":4},"end":{"line":40,"column":5}},"loc":{"start":{"line":40,"column":13},"end":{"line":42,"column":5}},"line":40},"8":{"name":"(anonymous_8)","decl":{"start":{"line":47,"column":4},"end":{"line":47,"column":5}},"loc":{"start":{"line":47,"column":25},"end":{"line":55,"column":5}},"line":47},"9":{"name":"(anonymous_9)","decl":{"start":{"line":57,"column":4},"end":{"line":57,"column":5}},"loc":{"start":{"line":57,"column":37},"end":{"line":68,"column":5}},"line":57},"10":{"name":"(anonymous_10)","decl":{"start":{"line":70,"column":4},"end":{"line":70,"column":5}},"loc":{"start":{"line":70,"column":29},"end":{"line":72,"column":5}},"line":70},"11":{"name":"(anonymous_11)","decl":{"start":{"line":71,"column":33},"end":{"line":71,"column":34}},"loc":{"start":{"line":71,"column":44},"end":{"line":71,"column":75}},"line":71},"12":{"name":"(anonymous_12)","decl":{"start":{"line":74,"column":4},"end":{"line":74,"column":5}},"loc":{"start":{"line":74,"column":32},"end":{"line":87,"column":5}},"line":74},"13":{"name":"(anonymous_13)","decl":{"start":{"line":81,"column":24},"end":{"line":81,"column":25}},"loc":{"start":{"line":81,"column":34},"end":{"line":81,"column":83}},"line":81},"14":{"name":"(anonymous_14)","decl":{"start":{"line":84,"column":24},"end":{"line":84,"column":25}},"loc":{"start":{"line":84,"column":34},"end":{"line":84,"column":83}},"line":84},"15":{"name":"(anonymous_15)","decl":{"start":{"line":89,"column":4},"end":{"line":89,"column":5}},"loc":{"start":{"line":89,"column":22},"end":{"line":102,"column":5}},"line":89},"16":{"name":"(anonymous_16)","decl":{"start":{"line":104,"column":4},"end":{"line":104,"column":5}},"loc":{"start":{"line":104,"column":18},"end":{"line":106,"column":5}},"line":104},"17":{"name":"(anonymous_17)","decl":{"start":{"line":108,"column":4},"end":{"line":108,"column":5}},"loc":{"start":{"line":108,"column":39},"end":{"line":123,"column":5}},"line":108},"18":{"name":"(anonymous_18)","decl":{"start":{"line":113,"column":47},"end":{"line":113,"column":48}},"loc":{"start":{"line":113,"column":52},"end":{"line":113,"column":63}},"line":113},"19":{"name":"(anonymous_19)","decl":{"start":{"line":117,"column":47},"end":{"line":117,"column":48}},"loc":{"start":{"line":117,"column":52},"end":{"line":117,"column":83}},"line":117},"20":{"name":"(anonymous_20)","decl":{"start":{"line":125,"column":4},"end":{"line":125,"column":5}},"loc":{"start":{"line":125,"column":35},"end":{"line":136,"column":5}},"line":125},"21":{"name":"(anonymous_21)","decl":{"start":{"line":127,"column":47},"end":{"line":127,"column":48}},"loc":{"start":{"line":127,"column":52},"end":{"line":127,"column":83}},"line":127},"22":{"name":"(anonymous_22)","decl":{"start":{"line":132,"column":47},"end":{"line":132,"column":48}},"loc":{"start":{"line":132,"column":52},"end":{"line":132,"column":91}},"line":132},"23":{"name":"(anonymous_23)","decl":{"start":{"line":138,"column":4},"end":{"line":138,"column":5}},"loc":{"start":{"line":138,"column":24},"end":{"line":156,"column":5}},"line":138},"24":{"name":"(anonymous_24)","decl":{"start":{"line":148,"column":38},"end":{"line":148,"column":39}},"loc":{"start":{"line":148,"column":43},"end":{"line":148,"column":65}},"line":148}},"branchMap":{"0":{"loc":{"start":{"line":15,"column":8},"end":{"line":21,"column":9}},"type":"if","locations":[{"start":{"line":15,"column":8},"end":{"line":21,"column":9}},{"start":{"line":15,"column":8},"end":{"line":21,"column":9}}],"line":15},"1":{"loc":{"start":{"line":26,"column":8},"end":{"line":32,"column":9}},"type":"if","locations":[{"start":{"line":26,"column":8},"end":{"line":32,"column":9}},{"start":{"line":26,"column":8},"end":{"line":32,"column":9}}],"line":26},"2":{"loc":{"start":{"line":50,"column":12},"end":{"line":52,"column":13}},"type":"if","locations":[{"start":{"line":50,"column":12},"end":{"line":52,"column":13}},{"start":{"line":50,"column":12},"end":{"line":52,"column":13}}],"line":50},"3":{"loc":{"start":{"line":61,"column":12},"end":{"line":65,"column":13}},"type":"if","locations":[{"start":{"line":61,"column":12},"end":{"line":65,"column":13}},{"start":{"line":61,"column":12},"end":{"line":65,"column":13}}],"line":61},"4":{"loc":{"start":{"line":61,"column":16},"end":{"line":63,"column":77}},"type":"binary-expr","locations":[{"start":{"line":61,"column":16},"end":{"line":61,"column":85}},{"start":{"line":62,"column":16},"end":{"line":62,"column":79}},{"start":{"line":63,"column":16},"end":{"line":63,"column":77}}],"line":61},"5":{"loc":{"start":{"line":74,"column":17},"end":{"line":74,"column":30}},"type":"default-arg","locations":[{"start":{"line":74,"column":25},"end":{"line":74,"column":30}}],"line":74},"6":{"loc":{"start":{"line":80,"column":8},"end":{"line":85,"column":9}},"type":"if","locations":[{"start":{"line":80,"column":8},"end":{"line":85,"column":9}},{"start":{"line":80,"column":8},"end":{"line":85,"column":9}}],"line":80},"7":{"loc":{"start":{"line":83,"column":13},"end":{"line":85,"column":9}},"type":"if","locations":[{"start":{"line":83,"column":13},"end":{"line":85,"column":9}},{"start":{"line":83,"column":13},"end":{"line":85,"column":9}}],"line":83},"8":{"loc":{"start":{"line":90,"column":8},"end":{"line":92,"column":9}},"type":"if","locations":[{"start":{"line":90,"column":8},"end":{"line":92,"column":9}},{"start":{"line":90,"column":8},"end":{"line":92,"column":9}}],"line":90},"9":{"loc":{"start":{"line":110,"column":8},"end":{"line":112,"column":9}},"type":"if","locations":[{"start":{"line":110,"column":8},"end":{"line":112,"column":9}},{"start":{"line":110,"column":8},"end":{"line":112,"column":9}}],"line":110},"10":{"loc":{"start":{"line":110,"column":12},"end":{"line":110,"column":58}},"type":"binary-expr","locations":[{"start":{"line":110,"column":12},"end":{"line":110,"column":27}},{"start":{"line":110,"column":31},"end":{"line":110,"column":58}}],"line":110},"11":{"loc":{"start":{"line":114,"column":8},"end":{"line":116,"column":9}},"type":"if","locations":[{"start":{"line":114,"column":8},"end":{"line":116,"column":9}},{"start":{"line":114,"column":8},"end":{"line":116,"column":9}}],"line":114},"12":{"loc":{"start":{"line":118,"column":8},"end":{"line":120,"column":9}},"type":"if","locations":[{"start":{"line":118,"column":8},"end":{"line":120,"column":9}},{"start":{"line":118,"column":8},"end":{"line":120,"column":9}}],"line":118},"13":{"loc":{"start":{"line":128,"column":8},"end":{"line":130,"column":9}},"type":"if","locations":[{"start":{"line":128,"column":8},"end":{"line":130,"column":9}},{"start":{"line":128,"column":8},"end":{"line":130,"column":9}}],"line":128},"14":{"loc":{"start":{"line":149,"column":12},"end":{"line":151,"column":13}},"type":"if","locations":[{"start":{"line":149,"column":12},"end":{"line":151,"column":13}},{"start":{"line":149,"column":12},"end":{"line":151,"column":13}}],"line":149}},"s":{"0":23,"1":23,"2":23,"3":23,"4":18,"5":52,"6":18,"7":17,"8":17,"9":1,"10":2,"11":8,"12":2,"13":1,"14":1,"15":1,"16":2,"17":8,"18":2,"19":1,"20":1,"21":1,"22":1,"23":4,"24":2,"25":1,"26":1,"27":1,"28":1,"29":4,"30":1,"31":1,"32":1,"33":4,"34":2,"35":2,"36":2,"37":8,"38":2,"39":1,"40":3,"41":1,"42":1,"43":3,"44":2,"45":11,"46":1,"47":10,"48":10,"49":1,"50":1,"51":9,"52":9,"53":1,"54":6,"55":6,"56":1,"57":5,"58":5,"59":5,"60":1,"61":4,"62":16,"63":4,"64":1,"65":3,"66":3,"67":2,"68":2,"69":8,"70":2,"71":1,"72":1,"73":1,"74":1,"75":4,"76":1,"77":1,"78":7,"79":7,"80":7,"81":7,"82":28,"83":28,"84":21,"85":7,"86":7,"87":27,"88":60,"89":27,"90":6,"91":7},"f":{"0":23,"1":18,"2":52,"3":2,"4":8,"5":2,"6":8,"7":1,"8":1,"9":1,"10":1,"11":4,"12":2,"13":3,"14":3,"15":11,"16":1,"17":6,"18":5,"19":16,"20":2,"21":8,"22":4,"23":7,"24":60},"b":{"0":[17,1],"1":[1,1],"2":[2,2],"3":[1,3],"4":[4,1,1],"5":[0],"6":[1,1],"7":[1,0],"8":[1,10],"9":[1,5],"10":[6,6],"11":[1,4],"12":[1,3],"13":[1,1],"14":[6,21]},"_coverageSchema":"1a1c01bbd47fc00a2c39e90264f33305004495a9","hash":"3703ea1186d724e69c6624cd13d0f0376f233d16"}
,"C:\\GitRepos\\frontEndLearning\\Courses\\Lesson 32\\hw\\initialData\\booksInitialData.js": {"path":"C:\\GitRepos\\frontEndLearning\\Courses\\Lesson 32\\hw\\initialData\\booksInitialData.js","statementMap":{"0":{"start":{"line":1,"column":27},"end":{"line":50,"column":2}}},"fnMap":{},"branchMap":{},"s":{"0":1},"f":{},"b":{},"_coverageSchema":"1a1c01bbd47fc00a2c39e90264f33305004495a9","hash":"410dd57ee62369f46d034d4e32d25b5e8b4fc956"}
,"C:\\GitRepos\\frontEndLearning\\Courses\\Lesson 32\\hw\\initialData\\readersInitialData.js": {"path":"C:\\GitRepos\\frontEndLearning\\Courses\\Lesson 32\\hw\\initialData\\readersInitialData.js","statementMap":{"0":{"start":{"line":1,"column":34},"end":{"line":26,"column":2}}},"fnMap":{},"branchMap":{},"s":{"0":1},"f":{},"b":{},"_coverageSchema":"1a1c01bbd47fc00a2c39e90264f33305004495a9","hash":"daec411bc17ac4e394df622bcc1cc046263c677d"}
,"C:\\GitRepos\\frontEndLearning\\Courses\\Lesson 32\\hw\\models\\book.js": {"path":"C:\\GitRepos\\frontEndLearning\\Courses\\Lesson 32\\hw\\models\\book.js","statementMap":{"0":{"start":{"line":5,"column":8},"end":{"line":5,"column":24}},"1":{"start":{"line":6,"column":8},"end":{"line":6,"column":21}},"2":{"start":{"line":7,"column":8},"end":{"line":7,"column":26}},"3":{"start":{"line":8,"column":8},"end":{"line":8,"column":24}},"4":{"start":{"line":9,"column":8},"end":{"line":9,"column":28}},"5":{"start":{"line":10,"column":8},"end":{"line":10,"column":32}},"6":{"start":{"line":11,"column":8},"end":{"line":11,"column":30}},"7":{"start":{"line":12,"column":8},"end":{"line":12,"column":37}},"8":{"start":{"line":16,"column":28},"end":{"line":16,"column":50}},"9":{"start":{"line":17,"column":25},"end":{"line":17,"column":45}},"10":{"start":{"line":19,"column":8},"end":{"line":21,"column":9}},"11":{"start":{"line":20,"column":12},"end":{"line":20,"column":63}},"12":{"start":{"line":22,"column":8},"end":{"line":24,"column":9}},"13":{"start":{"line":23,"column":12},"end":{"line":23,"column":85}},"14":{"start":{"line":25,"column":8},"end":{"line":27,"column":9}},"15":{"start":{"line":26,"column":12},"end":{"line":26,"column":60}},"16":{"start":{"line":28,"column":8},"end":{"line":30,"column":9}},"17":{"start":{"line":29,"column":12},"end":{"line":29,"column":65}},"18":{"start":{"line":31,"column":8},"end":{"line":33,"column":9}},"19":{"start":{"line":32,"column":12},"end":{"line":32,"column":74}},"20":{"start":{"line":34,"column":8},"end":{"line":36,"column":9}},"21":{"start":{"line":35,"column":12},"end":{"line":35,"column":64}},"22":{"start":{"line":37,"column":8},"end":{"line":39,"column":9}},"23":{"start":{"line":38,"column":12},"end":{"line":38,"column":39}},"24":{"start":{"line":40,"column":8},"end":{"line":40,"column":29}}},"fnMap":{"0":{"name":"(anonymous_0)","decl":{"start":{"line":4,"column":4},"end":{"line":4,"column":5}},"loc":{"start":{"line":4,"column":18},"end":{"line":13,"column":5}},"line":4},"1":{"name":"(anonymous_1)","decl":{"start":{"line":14,"column":4},"end":{"line":14,"column":5}},"loc":{"start":{"line":14,"column":14},"end":{"line":41,"column":5}},"line":14}},"branchMap":{"0":{"loc":{"start":{"line":19,"column":8},"end":{"line":21,"column":9}},"type":"if","locations":[{"start":{"line":19,"column":8},"end":{"line":21,"column":9}},{"start":{"line":19,"column":8},"end":{"line":21,"column":9}}],"line":19},"1":{"loc":{"start":{"line":22,"column":8},"end":{"line":24,"column":9}},"type":"if","locations":[{"start":{"line":22,"column":8},"end":{"line":24,"column":9}},{"start":{"line":22,"column":8},"end":{"line":24,"column":9}}],"line":22},"2":{"loc":{"start":{"line":25,"column":8},"end":{"line":27,"column":9}},"type":"if","locations":[{"start":{"line":25,"column":8},"end":{"line":27,"column":9}},{"start":{"line":25,"column":8},"end":{"line":27,"column":9}}],"line":25},"3":{"loc":{"start":{"line":28,"column":8},"end":{"line":30,"column":9}},"type":"if","locations":[{"start":{"line":28,"column":8},"end":{"line":30,"column":9}},{"start":{"line":28,"column":8},"end":{"line":30,"column":9}}],"line":28},"4":{"loc":{"start":{"line":31,"column":8},"end":{"line":33,"column":9}},"type":"if","locations":[{"start":{"line":31,"column":8},"end":{"line":33,"column":9}},{"start":{"line":31,"column":8},"end":{"line":33,"column":9}}],"line":31},"5":{"loc":{"start":{"line":34,"column":8},"end":{"line":36,"column":9}},"type":"if","locations":[{"start":{"line":34,"column":8},"end":{"line":36,"column":9}},{"start":{"line":34,"column":8},"end":{"line":36,"column":9}}],"line":34},"6":{"loc":{"start":{"line":34,"column":12},"end":{"line":34,"column":70}},"type":"binary-expr","locations":[{"start":{"line":34,"column":12},"end":{"line":34,"column":29}},{"start":{"line":34,"column":33},"end":{"line":34,"column":70}}],"line":34},"7":{"loc":{"start":{"line":37,"column":8},"end":{"line":39,"column":9}},"type":"if","locations":[{"start":{"line":37,"column":8},"end":{"line":39,"column":9}},{"start":{"line":37,"column":8},"end":{"line":39,"column":9}}],"line":37}},"s":{"0":25,"1":25,"2":25,"3":25,"4":25,"5":25,"6":25,"7":25,"8":7,"9":7,"10":7,"11":1,"12":7,"13":1,"14":7,"15":1,"16":7,"17":1,"18":7,"19":1,"20":7,"21":2,"22":7,"23":1,"24":7},"f":{"0":25,"1":7},"b":{"0":[1,6],"1":[1,6],"2":[1,6],"3":[1,6],"4":[1,6],"5":[2,5],"6":[7,6],"7":[1,6]},"_coverageSchema":"1a1c01bbd47fc00a2c39e90264f33305004495a9","hash":"c1d86a8be14daeaf201d1f5c137aea604b841a1b"}
,"C:\\GitRepos\\frontEndLearning\\Courses\\Lesson 32\\hw\\models\\reader.js": {"path":"C:\\GitRepos\\frontEndLearning\\Courses\\Lesson 32\\hw\\models\\reader.js","statementMap":{"0":{"start":{"line":3,"column":8},"end":{"line":3,"column":31}},"1":{"start":{"line":4,"column":8},"end":{"line":4,"column":23}},"2":{"start":{"line":5,"column":8},"end":{"line":5,"column":26}},"3":{"start":{"line":6,"column":8},"end":{"line":6,"column":31}},"4":{"start":{"line":9,"column":33},"end":{"line":9,"column":59}},"5":{"start":{"line":10,"column":8},"end":{"line":12,"column":9}},"6":{"start":{"line":11,"column":11},"end":{"line":11,"column":56}},"7":{"start":{"line":13,"column":8},"end":{"line":15,"column":9}},"8":{"start":{"line":14,"column":12},"end":{"line":14,"column":83}},"9":{"start":{"line":16,"column":8},"end":{"line":18,"column":9}},"10":{"start":{"line":17,"column":12},"end":{"line":17,"column":49}},"11":{"start":{"line":19,"column":8},"end":{"line":21,"column":9}},"12":{"start":{"line":20,"column":12},"end":{"line":20,"column":52}}},"fnMap":{"0":{"name":"(anonymous_0)","decl":{"start":{"line":2,"column":4},"end":{"line":2,"column":5}},"loc":{"start":{"line":2,"column":18},"end":{"line":7,"column":5}},"line":2},"1":{"name":"(anonymous_1)","decl":{"start":{"line":8,"column":4},"end":{"line":8,"column":5}},"loc":{"start":{"line":8,"column":14},"end":{"line":22,"column":5}},"line":8}},"branchMap":{"0":{"loc":{"start":{"line":10,"column":8},"end":{"line":12,"column":9}},"type":"if","locations":[{"start":{"line":10,"column":8},"end":{"line":12,"column":9}},{"start":{"line":10,"column":8},"end":{"line":12,"column":9}}],"line":10},"1":{"loc":{"start":{"line":13,"column":8},"end":{"line":15,"column":9}},"type":"if","locations":[{"start":{"line":13,"column":8},"end":{"line":15,"column":9}},{"start":{"line":13,"column":8},"end":{"line":15,"column":9}}],"line":13},"2":{"loc":{"start":{"line":16,"column":8},"end":{"line":18,"column":9}},"type":"if","locations":[{"start":{"line":16,"column":8},"end":{"line":18,"column":9}},{"start":{"line":16,"column":8},"end":{"line":18,"column":9}}],"line":16},"3":{"loc":{"start":{"line":19,"column":8},"end":{"line":21,"column":9}},"type":"if","locations":[{"start":{"line":19,"column":8},"end":{"line":21,"column":9}},{"start":{"line":19,"column":8},"end":{"line":21,"column":9}}],"line":19}},"s":{"0":15,"1":15,"2":15,"3":15,"4":15,"5":15,"6":1,"7":14,"8":1,"9":13,"10":1,"11":12,"12":2},"f":{"0":15,"1":15},"b":{"0":[1,14],"1":[1,13],"2":[1,12],"3":[2,10]},"_coverageSchema":"1a1c01bbd47fc00a2c39e90264f33305004495a9","hash":"6754d89aa382d388050d2cde8276174dc60c276b"}
,"C:\\GitRepos\\frontEndLearning\\Courses\\Lesson 32\\hw\\models\\validationResult.js": {"path":"C:\\GitRepos\\frontEndLearning\\Courses\\Lesson 32\\hw\\models\\validationResult.js","statementMap":{"0":{"start":{"line":3,"column":8},"end":{"line":3,"column":27}},"1":{"start":{"line":4,"column":8},"end":{"line":4,"column":27}}},"fnMap":{"0":{"name":"(anonymous_0)","decl":{"start":{"line":2,"column":4},"end":{"line":2,"column":5}},"loc":{"start":{"line":2,"column":18},"end":{"line":5,"column":5}},"line":2}},"branchMap":{},"s":{"0":7,"1":7},"f":{"0":7},"b":{},"_coverageSchema":"1a1c01bbd47fc00a2c39e90264f33305004495a9","hash":"ffa1b94741e24edec033c3383b8b26a37c0792bf"}
,"C:\\GitRepos\\frontEndLearning\\Courses\\Lesson 32\\hw\\services\\booksService.js": {"path":"C:\\GitRepos\\frontEndLearning\\Courses\\Lesson 32\\hw\\services\\booksService.js","statementMap":{"0":{"start":{"line":5,"column":8},"end":{"line":11,"column":11}},"1":{"start":{"line":6,"column":12},"end":{"line":8,"column":13}},"2":{"start":{"line":7,"column":16},"end":{"line":7,"column":39}},"3":{"start":{"line":10,"column":12},"end":{"line":10,"column":25}}},"fnMap":{"0":{"name":"(anonymous_0)","decl":{"start":{"line":4,"column":4},"end":{"line":4,"column":5}},"loc":{"start":{"line":4,"column":11},"end":{"line":12,"column":5}},"line":4},"1":{"name":"(anonymous_1)","decl":{"start":{"line":5,"column":39},"end":{"line":5,"column":40}},"loc":{"start":{"line":5,"column":61},"end":{"line":11,"column":9}},"line":5}},"branchMap":{"0":{"loc":{"start":{"line":6,"column":12},"end":{"line":8,"column":13}},"type":"if","locations":[{"start":{"line":6,"column":12},"end":{"line":8,"column":13}},{"start":{"line":6,"column":12},"end":{"line":8,"column":13}}],"line":6},"1":{"loc":{"start":{"line":6,"column":16},"end":{"line":6,"column":66}},"type":"binary-expr","locations":[{"start":{"line":6,"column":16},"end":{"line":6,"column":36}},{"start":{"line":6,"column":40},"end":{"line":6,"column":66}}],"line":6}},"s":{"0":23,"1":920,"2":138,"3":782},"f":{"0":23,"1":920},"b":{"0":[138,782],"1":[920,851]},"_coverageSchema":"1a1c01bbd47fc00a2c39e90264f33305004495a9","hash":"3d8957e1371cc3cc604ca5b17813f17ec4f53acf"}
,"C:\\GitRepos\\frontEndLearning\\Courses\\Lesson 32\\hw\\services\\readersService.js": {"path":"C:\\GitRepos\\frontEndLearning\\Courses\\Lesson 32\\hw\\services\\readersService.js","statementMap":{"0":{"start":{"line":5,"column":8},"end":{"line":5,"column":46}}},"fnMap":{"0":{"name":"(anonymous_0)","decl":{"start":{"line":4,"column":4},"end":{"line":4,"column":5}},"loc":{"start":{"line":4,"column":18},"end":{"line":6,"column":5}},"line":4}},"branchMap":{},"s":{"0":23},"f":{"0":23},"b":{},"_coverageSchema":"1a1c01bbd47fc00a2c39e90264f33305004495a9","hash":"37a5af14843ba4410b980a86ce825406957da082"}
}
