TN:
SF:library.js
FN:5,(anonymous_0)
FN:12,(anonymous_1)
FN:14,(anonymous_2)
FN:24,(anonymous_3)
FN:25,(anonymous_4)
FN:35,(anonymous_5)
FN:36,(anonymous_6)
FN:40,(anonymous_7)
FN:47,(anonymous_8)
FN:57,(anonymous_9)
FN:70,(anonymous_10)
FN:71,(anonymous_11)
FN:74,(anonymous_12)
FN:81,(anonymous_13)
FN:84,(anonymous_14)
FN:89,(anonymous_15)
FN:104,(anonymous_16)
FN:108,(anonymous_17)
FN:113,(anonymous_18)
FN:117,(anonymous_19)
FN:125,(anonymous_20)
FN:127,(anonymous_21)
FN:132,(anonymous_22)
FN:138,(anonymous_23)
FN:148,(anonymous_24)
FNF:25
FNH:25
FNDA:23,(anonymous_0)
FNDA:18,(anonymous_1)
FNDA:52,(anonymous_2)
FNDA:2,(anonymous_3)
FNDA:8,(anonymous_4)
FNDA:2,(anonymous_5)
FNDA:8,(anonymous_6)
FNDA:1,(anonymous_7)
FNDA:1,(anonymous_8)
FNDA:1,(anonymous_9)
FNDA:1,(anonymous_10)
FNDA:4,(anonymous_11)
FNDA:2,(anonymous_12)
FNDA:3,(anonymous_13)
FNDA:3,(anonymous_14)
FNDA:11,(anonymous_15)
FNDA:1,(anonymous_16)
FNDA:6,(anonymous_17)
FNDA:5,(anonymous_18)
FNDA:16,(anonymous_19)
FNDA:2,(anonymous_20)
FNDA:8,(anonymous_21)
FNDA:4,(anonymous_22)
FNDA:7,(anonymous_23)
FNDA:60,(anonymous_24)
DA:6,23
DA:7,23
DA:8,23
DA:9,23
DA:14,52
DA:15,18
DA:16,17
DA:17,17
DA:20,1
DA:25,8
DA:26,2
DA:27,1
DA:28,1
DA:31,1
DA:36,8
DA:37,2
DA:41,1
DA:48,1
DA:49,1
DA:50,4
DA:51,2
DA:54,1
DA:58,1
DA:59,1
DA:61,4
DA:64,1
DA:67,1
DA:71,4
DA:75,2
DA:76,2
DA:77,8
DA:80,2
DA:81,3
DA:83,1
DA:84,3
DA:86,2
DA:90,11
DA:91,1
DA:94,10
DA:95,10
DA:97,1
DA:98,1
DA:100,9
DA:101,9
DA:105,1
DA:109,6
DA:110,6
DA:111,1
DA:113,5
DA:114,5
DA:115,1
DA:117,16
DA:118,4
DA:119,1
DA:121,3
DA:122,3
DA:126,2
DA:127,8
DA:128,2
DA:129,1
DA:131,1
DA:132,4
DA:133,1
DA:135,1
DA:139,7
DA:140,7
DA:141,7
DA:142,28
DA:143,21
DA:147,7
DA:148,60
DA:149,27
DA:150,6
DA:154,7
LF:74
LH:74
BRDA:15,0,0,17
BRDA:15,0,1,1
BRDA:26,1,0,1
BRDA:26,1,1,1
BRDA:50,2,0,2
BRDA:50,2,1,2
BRDA:61,3,0,1
BRDA:61,3,1,3
BRDA:61,4,0,4
BRDA:61,4,1,1
BRDA:61,4,2,1
BRDA:74,5,0,0
BRDA:80,6,0,1
BRDA:80,6,1,1
BRDA:83,7,0,1
BRDA:83,7,1,0
BRDA:90,8,0,1
BRDA:90,8,1,10
BRDA:110,9,0,1
BRDA:110,9,1,5
BRDA:110,10,0,6
BRDA:110,10,1,6
BRDA:114,11,0,1
BRDA:114,11,1,4
BRDA:118,12,0,1
BRDA:118,12,1,3
BRDA:128,13,0,1
BRDA:128,13,1,1
BRDA:149,14,0,6
BRDA:149,14,1,21
BRF:30
BRH:28
end_of_record
TN:
SF:initialData\booksInitialData.js
FNF:0
FNH:0
DA:1,1
LF:1
LH:1
BRF:0
BRH:0
end_of_record
TN:
SF:initialData\readersInitialData.js
FNF:0
FNH:0
DA:1,1
LF:1
LH:1
BRF:0
BRH:0
end_of_record
TN:
SF:models\book.js
FN:4,(anonymous_0)
FN:14,(anonymous_1)
FNF:2
FNH:2
FNDA:25,(anonymous_0)
FNDA:7,(anonymous_1)
DA:5,25
DA:6,25
DA:7,25
DA:8,25
DA:9,25
DA:10,25
DA:11,25
DA:12,25
DA:16,7
DA:17,7
DA:19,7
DA:20,1
DA:22,7
DA:23,1
DA:25,7
DA:26,1
DA:28,7
DA:29,1
DA:31,7
DA:32,1
DA:34,7
DA:35,2
DA:37,7
DA:38,1
DA:40,7
LF:25
LH:25
BRDA:19,0,0,1
BRDA:19,0,1,6
BRDA:22,1,0,1
BRDA:22,1,1,6
BRDA:25,2,0,1
BRDA:25,2,1,6
BRDA:28,3,0,1
BRDA:28,3,1,6
BRDA:31,4,0,1
BRDA:31,4,1,6
BRDA:34,5,0,2
BRDA:34,5,1,5
BRDA:34,6,0,7
BRDA:34,6,1,6
BRDA:37,7,0,1
BRDA:37,7,1,6
BRF:16
BRH:16
end_of_record
TN:
SF:models\reader.js
FN:2,(anonymous_0)
FN:8,(anonymous_1)
FNF:2
FNH:2
FNDA:15,(anonymous_0)
FNDA:15,(anonymous_1)
DA:3,15
DA:4,15
DA:5,15
DA:6,15
DA:9,15
DA:10,15
DA:11,1
DA:13,14
DA:14,1
DA:16,13
DA:17,1
DA:19,12
DA:20,2
LF:13
LH:13
BRDA:10,0,0,1
BRDA:10,0,1,14
BRDA:13,1,0,1
BRDA:13,1,1,13
BRDA:16,2,0,1
BRDA:16,2,1,12
BRDA:19,3,0,2
BRDA:19,3,1,10
BRF:8
BRH:8
end_of_record
TN:
SF:models\validationResult.js
FN:2,(anonymous_0)
FNF:1
FNH:1
FNDA:7,(anonymous_0)
DA:3,7
DA:4,7
LF:2
LH:2
BRF:0
BRH:0
end_of_record
TN:
SF:services\booksService.js
FN:4,(anonymous_0)
FN:5,(anonymous_1)
FNF:2
FNH:2
FNDA:23,(anonymous_0)
FNDA:920,(anonymous_1)
DA:5,23
DA:6,920
DA:7,138
DA:10,782
LF:4
LH:4
BRDA:6,0,0,138
BRDA:6,0,1,782
BRDA:6,1,0,920
BRDA:6,1,1,851
BRF:4
BRH:4
end_of_record
TN:
SF:services\readersService.js
FN:4,(anonymous_0)
FNF:1
FNH:1
FNDA:23,(anonymous_0)
DA:5,23
LF:1
LH:1
BRF:0
BRH:0
end_of_record
